C51 COMPILER V9.60.7.0   TASK1C                                                            02/11/2024 07:07:14 PAGE 1   


C51 COMPILER V9.60.7.0, COMPILATION OF MODULE TASK1C
OBJECT MODULE PLACED IN .\Objects\task1c.obj
COMPILER INVOKED BY: C:\Keil_v5\C51\BIN\C51.EXE task1c.c OPTIMIZE(8,SPEED) BROWSE DEBUG OBJECTEXTEND PRINT(.\Listings\ta
                    -sk1c.lst) TABS(2) OBJECT(.\Objects\task1c.obj)

line level    source

   1          #include<reg51.h>
   2          int A;
   3          void main(){
   4   1        while(1){
   5   2          A=0xFF;
   6   2          P1=A;
   7   2          P2=A;
   8   2          A=0x00;
   9   2          P1=A;
  10   2          P2=A;
  11   2        }
  12   1      }


MODULE INFORMATION:   STATIC OVERLAYABLE
   CODE SIZE        =     25    ----
   CONSTANT SIZE    =   ----    ----
   XDATA SIZE       =   ----    ----
   PDATA SIZE       =   ----    ----
   DATA SIZE        =      2    ----
   IDATA SIZE       =   ----    ----
   BIT SIZE         =   ----    ----
END OF MODULE INFORMATION.


C51 COMPILATION COMPLETE.  0 WARNING(S),  0 ERROR(S)
