C51 COMPILER V9.60.7.0   TASK1                                                             04/22/2024 10:17:05 PAGE 1   


C51 COMPILER V9.60.7.0, COMPILATION OF MODULE TASK1
OBJECT MODULE PLACED IN .\Objects\task1.obj
COMPILER INVOKED BY: C:\Keil_v5\C51\BIN\C51.EXE task1.c OPTIMIZE(8,SPEED) BROWSE DEBUG OBJECTEXTEND PRINT(.\Listings\tas
                    -k1.lst) TABS(2) OBJECT(.\Objects\task1.obj)

line level    source

   1          #include<reg51.h>
   2          #include<stdio.h>
   3          void delay(int time)
   4          {
   5   1        int k,l;
   6   1        for(k=0; k<time; k++)
   7   1      for(l=0; l<1225; l++);
   8   1      }
   9          void main()
  10          {
  11   1        int i,j;
  12   1        while(1)
  13   1        {
  14   2          for(i=0; i<=9; i++)
  15   2          {
  16   3          P1=i;
  17   3          for(j=0; j<=9; j++)
  18   3            {
  19   4          P1=j;
  20   4              delay(100);
  21   4            }
  22   3          
  23   3          }
  24   2        }
  25   1      }


MODULE INFORMATION:   STATIC OVERLAYABLE
   CODE SIZE        =     89    ----
   CONSTANT SIZE    =   ----    ----
   XDATA SIZE       =   ----    ----
   PDATA SIZE       =   ----    ----
   DATA SIZE        =   ----       2
   IDATA SIZE       =   ----    ----
   BIT SIZE         =   ----    ----
END OF MODULE INFORMATION.


C51 COMPILATION COMPLETE.  0 WARNING(S),  0 ERROR(S)
