C51 COMPILER V9.60.7.0   TASK1                                                             03/25/2024 14:56:46 PAGE 1   


C51 COMPILER V9.60.7.0, COMPILATION OF MODULE TASK1
OBJECT MODULE PLACED IN .\Objects\task1.obj
COMPILER INVOKED BY: C:\Keil_v5\C51\BIN\C51.EXE task1.c OPTIMIZE(8,SPEED) BROWSE DEBUG OBJECTEXTEND PRINT(.\Listings\tas
                    -k1.lst) TABS(2) OBJECT(.\Objects\task1.obj)

line level    source

   1          #include<reg51.h>
   2          #include<stdio.h>
   3          sbit pin = P3^0;
   4          void start_timer0(){
   5   1      TR0 = 1;  
   6   1      }
   7          void timer0() interrupt 1
   8          {
   9   1      //  int x;
  10   1      //  x++;
  11   1      //  if(x==4){
  12   1      //    pin = ~pin;
  13   1      //    x=0;  
  14   1      //}
  15   1      TH0 = 0xD8;
  16   1      TL0 = 0xEF; //10 ms delay
  17   1      }
  18          void start_timer(){
  19   1        TMOD = 0x01;
  20   1        IE=0x82;
  21   1      }
  22          void main(){
  23   1      start_timer0();
  24   1      start_timer();
  25   1      while(1)
  26   1      {
  27   2      while(TF0==0);
  28   2      pin = ~pin;
  29   2      }   
  30   1      }
  31            


MODULE INFORMATION:   STATIC OVERLAYABLE
   CODE SIZE        =     30    ----
   CONSTANT SIZE    =   ----    ----
   XDATA SIZE       =   ----    ----
   PDATA SIZE       =   ----    ----
   DATA SIZE        =   ----    ----
   IDATA SIZE       =   ----    ----
   BIT SIZE         =   ----    ----
END OF MODULE INFORMATION.


C51 COMPILATION COMPLETE.  0 WARNING(S),  0 ERROR(S)
