C51 COMPILER V9.60.7.0   TASK3                                                             03/21/2024 12:37:46 PAGE 1   


C51 COMPILER V9.60.7.0, COMPILATION OF MODULE TASK3
OBJECT MODULE PLACED IN .\Objects\task3.obj
COMPILER INVOKED BY: C:\Keil_v5\C51\BIN\C51.EXE task3.c OPTIMIZE(8,SPEED) BROWSE DEBUG OBJECTEXTEND PRINT(.\Listings\tas
                    -k3.lst) TABS(2) OBJECT(.\Objects\task3.obj)

line level    source

   1          #include <reg51.h>
   2          #include <stdio.h>
   3          sbit MYBIT=P1^2;
   4          sbit PIN = P2^3;
   5          void start_timer( );
   6           void timer0() interrupt 1
   7           {
   8   1         
   9   1        
  10   1         if(PIN)
  11   1         {
  12   2           if(MYBIT)
  13   2           {
  14   3           //delay of 6ms
  15   3         TH0=0xE8;
  16   3         TL0=0x8F;
  17   3         }
  18   2         
  19   2         else
  20   2         {
  21   3           //delay of ms
  22   3         TH0=0xF0;
  23   3         TL0=0x5F;
  24   3         }
  25   2         
  26   2      MYBIT = ~MYBIT;
  27   2       }
  28   1         else
  29   1         {
  30   2           if(MYBIT)
  31   2           {
  32   3           //delay of 1.2ms
  33   3         TH0=0xFB;
  34   3         TL0=0x4F;
  35   3         }
  36   2         
  37   2         else
  38   2         {
  39   3           //delay of 1.8ms
  40   3         TH0=0xF8;
  41   3         TL0=0xF7;
  42   3         }
  43   2         
  44   2      MYBIT = ~MYBIT;
  45   2       }
  46   1       }
  47           void init()
  48           {
  49   1         TR0=1;
  50   1       }
  51          void main(void)
  52            
  53          {
  54   1        init();
C51 COMPILER V9.60.7.0   TASK3                                                             03/21/2024 12:37:46 PAGE 2   

  55   1        start_timer();
  56   1         while(1)
  57   1       {
  58   2       }
  59   1      }
  60           void start_timer()
  61             
  62           {
  63   1           TMOD = 0x01;
  64   1           IE=0x82;
  65   1       }
  66          
  67               


MODULE INFORMATION:   STATIC OVERLAYABLE
   CODE SIZE        =     61    ----
   CONSTANT SIZE    =   ----    ----
   XDATA SIZE       =   ----    ----
   PDATA SIZE       =   ----    ----
   DATA SIZE        =   ----    ----
   IDATA SIZE       =   ----    ----
   BIT SIZE         =   ----    ----
END OF MODULE INFORMATION.


C51 COMPILATION COMPLETE.  0 WARNING(S),  0 ERROR(S)
