C51 COMPILER V9.60.7.0   TASK3                                                             03/21/2024 10:05:32 PAGE 1   


C51 COMPILER V9.60.7.0, COMPILATION OF MODULE TASK3
OBJECT MODULE PLACED IN .\Objects\task3.obj
COMPILER INVOKED BY: C:\Keil_v5\C51\BIN\C51.EXE task3.c OPTIMIZE(8,SPEED) BROWSE DEBUG OBJECTEXTEND PRINT(.\Listings\tas
                    -k3.lst) TABS(2) OBJECT(.\Objects\task3.obj)

line level    source

   1          #include<reg51.h>
   2          void delay(void);
   3          void main(void)
   4          {
   5   1      P0=0x00;
   6   1      for(;;)
   7   1      { 
   8   2        P0 = 0x40;
   9   2        delay();
  10   2        P0 = 0xF9;
  11   2        delay();
  12   2        P0 = 0x24;
  13   2        delay();
  14   2        P0 = 0xB0; // 1011 0000
  15   2        delay();
  16   2      
  17   2      }
  18   1      }
  19          void delay(void)
  20          {
  21   1      unsigned int y;
  22   1      for(y=0;y<30000;y++);
  23   1        for(y=0;y<30000;y++);
  24   1        for(y=0;y<30000;y++);
  25   1        
  26   1      }


MODULE INFORMATION:   STATIC OVERLAYABLE
   CODE SIZE        =     72    ----
   CONSTANT SIZE    =   ----    ----
   XDATA SIZE       =   ----    ----
   PDATA SIZE       =   ----    ----
   DATA SIZE        =   ----    ----
   IDATA SIZE       =   ----    ----
   BIT SIZE         =   ----    ----
END OF MODULE INFORMATION.


C51 COMPILATION COMPLETE.  0 WARNING(S),  0 ERROR(S)
