A51 MACRO ASSEMBLER  TASK2_NESTEDLOOP                                                     02/17/2024 07:42:24 PAGE     1


MACRO ASSEMBLER A51 V8.2.7.0
OBJECT MODULE PLACED IN .\Objects\task2_nestedloop.obj
ASSEMBLER INVOKED BY: C:\Keil_v5\C51\BIN\A51.EXE task2_nestedloop.a51 SET(SMALL) DEBUG PRINT(.\Listings\task2_nestedloop
                      .lst) OBJECT(.\Objects\task2_nestedloop.obj) EP

LOC  OBJ            LINE     SOURCE

0000 7455              1     MOV A,#55H
0002 7B0A              2     MOV R3,#10
0004 7A46              3               NEXT: MOV R2,#70
0006 F4                4     AGAIN: CPL A
0007 DAFD              5        DJNZ R2,AGAIN
0009 DBF9              6     DJNZ R3,NEXT
*** WARNING #A41 IN 6 (task2_nestedloop.a51, LINE 6): MISSING 'END' STATEMENT
A51 MACRO ASSEMBLER  TASK2_NESTEDLOOP                                                     02/17/2024 07:42:24 PAGE     2

SYMBOL TABLE LISTING
------ ----- -------


N A M E             T Y P E  V A L U E   ATTRIBUTES

AGAIN. . . . . . .  C ADDR   0006H   A   
NEXT . . . . . . .  C ADDR   0004H   A   


REGISTER BANK(S) USED: 0 


ASSEMBLY COMPLETE.  1 WARNING(S), 0 ERROR(S)
