C51 COMPILER V9.60.7.0   CLASSTASK2B                                                       02/27/2024 09:10:06 PAGE 1   


C51 COMPILER V9.60.7.0, COMPILATION OF MODULE CLASSTASK2B
OBJECT MODULE PLACED IN .\Objects\classtask2B.obj
COMPILER INVOKED BY: C:\Keil_v5\C51\BIN\C51.EXE classtask2B.c OPTIMIZE(8,SPEED) BROWSE DEBUG OBJECTEXTEND PRINT(.\Listin
                    -gs\classtask2B.lst) TABS(2) OBJECT(.\Objects\classtask2B.obj)

line level    source

   1          #include<reg51.h>
   2          sbit led1=P1^1;
   3          sbit switch1=P2^1;
   4          void main(void)
   5          {
   6   1        while(1)
   7   1        {
   8   2          if(switch1==0)
   9   2          {
  10   3            led1=1;
  11   3          }
  12   2          else
  13   2            {
  14   3            
  15   3            led1=0;
  16   3          }}}


MODULE INFORMATION:   STATIC OVERLAYABLE
   CODE SIZE        =     11    ----
   CONSTANT SIZE    =   ----    ----
   XDATA SIZE       =   ----    ----
   PDATA SIZE       =   ----    ----
   DATA SIZE        =   ----    ----
   IDATA SIZE       =   ----    ----
   BIT SIZE         =   ----    ----
END OF MODULE INFORMATION.


C51 COMPILATION COMPLETE.  0 WARNING(S),  0 ERROR(S)
