C51 COMPILER V9.60.7.0   SBIT_TASK                                                         02/26/2024 08:42:01 PAGE 1   


C51 COMPILER V9.60.7.0, COMPILATION OF MODULE SBIT_TASK
OBJECT MODULE PLACED IN .\Objects\sbit_task.obj
COMPILER INVOKED BY: C:\Keil_v5\C51\BIN\C51.EXE sbit_task.c OPTIMIZE(8,SPEED) BROWSE DEBUG OBJECTEXTEND PRINT(.\Listings
                    -\sbit_task.lst) TABS(2) OBJECT(.\Objects\sbit_task.obj)

line level    source

   1          #include<reg51.h>
   2          #include<stdio.h>
   3          sbit Mybit=P1^0;
   4          void main(void){
   5   1        unsigned int i;
   6   1        for(i=0; i<=500; i++)
   7   1        {
   8   2          Mybit=0;
   9   2          for(i=0; i<10000; i++);
  10   2          for(i=0; i<10000; i++);
  11   2          for(i=0; i<10000; i++);
  12   2          Mybit=1;
  13   2        }
  14   1      }
  15          
  16            


MODULE INFORMATION:   STATIC OVERLAYABLE
   CODE SIZE        =     61    ----
   CONSTANT SIZE    =   ----    ----
   XDATA SIZE       =   ----    ----
   PDATA SIZE       =   ----    ----
   DATA SIZE        =   ----    ----
   IDATA SIZE       =   ----    ----
   BIT SIZE         =   ----    ----
END OF MODULE INFORMATION.


C51 COMPILATION COMPLETE.  0 WARNING(S),  0 ERROR(S)
