C51 COMPILER V9.60.7.0   TWO                                                               02/29/2024 09:18:35 PAGE 1   


C51 COMPILER V9.60.7.0, COMPILATION OF MODULE TWO
OBJECT MODULE PLACED IN .\Objects\two.obj
COMPILER INVOKED BY: C:\Keil_v5\C51\BIN\C51.EXE two.c OPTIMIZE(8,SPEED) BROWSE DEBUG OBJECTEXTEND PRINT(.\Listings\two.l
                    -st) TABS(2) OBJECT(.\Objects\two.obj)

line level    source

   1          #include<reg51.h>
   2          sbit led1=P1^1;
   3          sbit led2=P1^2;
   4          sbit led3=P1^3;
   5          sbit led4=P1^4;
   6          sbit btn=P2^1;
   7          sbit btn2=P2^2;
   8          void main(void)
   9          {
  10   1        while(1)
  11   1        {
  12   2          if(btn==0 && btn2==0)
  13   2          {
  14   3            led1=1;
  15   3            led2=0;
  16   3            led3=0;
  17   3            led4=0;
  18   3          }
  19   2          else if(btn==0 & btn2==1)
  20   2          {
  21   3            led1=0;
  22   3            led2=1;
  23   3            led3=0;
  24   3            led4=0;
  25   3          }
  26   2          else if(btn==1 & btn2==0)
  27   2          {
  28   3            led1=0;
  29   3            led2=0;
  30   3            led3=1;
  31   3            led4=0;
  32   3        }
  33   2          else
  34   2          {
  35   3            led1=0;
  36   3            led2=0;
  37   3            led3=0;
  38   3            led4=1;
  39   3          }}
  40   1      }
  41          
  42          


MODULE INFORMATION:   STATIC OVERLAYABLE
   CODE SIZE        =     86    ----
   CONSTANT SIZE    =   ----    ----
   XDATA SIZE       =   ----    ----
   PDATA SIZE       =   ----    ----
   DATA SIZE        =   ----    ----
   IDATA SIZE       =   ----    ----
   BIT SIZE         =   ----    ----
END OF MODULE INFORMATION.


C51 COMPILATION COMPLETE.  0 WARNING(S),  0 ERROR(S)
