C51 COMPILER V9.60.7.0   TASK1                                                             03/27/2024 21:32:14 PAGE 1   


C51 COMPILER V9.60.7.0, COMPILATION OF MODULE TASK1
OBJECT MODULE PLACED IN .\Objects\TASK1.obj
COMPILER INVOKED BY: C:\Keil_v5\C51\BIN\C51.EXE TASK1.c OPTIMIZE(8,SPEED) BROWSE DEBUG OBJECTEXTEND PRINT(.\Listings\TAS
                    -K1.lst) TABS(2) OBJECT(.\Objects\TASK1.obj)

line level    source

   1          #include<reg51.h>
   2          #include<stdio.h>
   3          sbit I_P = P3^4;
   4          void start_timer()
   5          {
   6   1        TR0=1;
   7   1      }
   8          void init_timer()
   9          {
  10   1        TMOD = 0x06; // Timer 0 8-bit auto reload mode
  11   1        TH0=0;
  12   1        I_P=1;
  13   1        
  14   1      }
  15          void main()
  16          {
  17   1        start_timer();
  18   1        init_timer();
  19   1        while(1)
  20   1        {
  21   2          P1=TL0;
  22   2        }
  23   1      }


MODULE INFORMATION:   STATIC OVERLAYABLE
   CODE SIZE        =     23    ----
   CONSTANT SIZE    =   ----    ----
   XDATA SIZE       =   ----    ----
   PDATA SIZE       =   ----    ----
   DATA SIZE        =   ----    ----
   IDATA SIZE       =   ----    ----
   BIT SIZE         =   ----    ----
END OF MODULE INFORMATION.


C51 COMPILATION COMPLETE.  0 WARNING(S),  0 ERROR(S)
