C51 COMPILER V9.60.7.0   TASK1                                                             03/10/2024 18:26:01 PAGE 1   


C51 COMPILER V9.60.7.0, COMPILATION OF MODULE TASK1
OBJECT MODULE PLACED IN .\Objects\task1.obj
COMPILER INVOKED BY: C:\Keil_v5\C51\BIN\C51.EXE task1.c OPTIMIZE(8,SPEED) BROWSE DEBUG OBJECTEXTEND PRINT(.\Listings\tas
                    -k1.lst) TABS(2) OBJECT(.\Objects\task1.obj)

line level    source

   1          
   2          #include<reg51.h>
   3          void delay(void);
   4          void main(void)
   5          {
   6   1      P0=0x00;
   7   1      for(;;)
   8   1      { delay();
   9   2        P0=0x40;
  10   2      delay();
  11   2        P0=0xF9;
  12   2      delay();
  13   2        P0=0x04;
  14   2      delay();P0=0x08;
  15   2      delay();
  16   2      P0=0x10;//00010000
  17   2      delay();
  18   2      P0=0x20;//00100000
  19   2      delay();
  20   2      P0=0x40;
  21   2      delay();P0=0x80;
  22   2      delay();
  23   2      }
  24   1      }
  25          void delay(void)
  26          {
  27   1      unsigned int y;
  28   1      for(y=0;y<30000;y++);
  29   1        for(y=0;y<30000;y++);
  30   1        for(y=0;y<30000;y++);
  31   1        
  32   1      
  33   1      }


MODULE INFORMATION:   STATIC OVERLAYABLE
   CODE SIZE        =     99    ----
   CONSTANT SIZE    =   ----    ----
   XDATA SIZE       =   ----    ----
   PDATA SIZE       =   ----    ----
   DATA SIZE        =   ----    ----
   IDATA SIZE       =   ----    ----
   BIT SIZE         =   ----    ----
END OF MODULE INFORMATION.


C51 COMPILATION COMPLETE.  0 WARNING(S),  0 ERROR(S)
